<?xml version="1.0" encoding="UTF-8"?>
<testsuite name="com.advantageshopping.automation.runners.SuccessfulPurchaseRunner" tests="0" skipped="0" failures="0" errors="0" timestamp="1970-01-01T00:00:00" hostname="LAPTOP-BNAK8A6Q" time="0.0">
  <properties/>
  <system-out><![CDATA[
?[31mFailed scenarios:?[0m
?[31msrc/test/resources/features/successfulPurchase.feature:8 ?[0m# Successful purchase

1 Scenarios (?[31m1 failed?[0m)
3 Steps (?[31m1 failed?[0m, ?[36m1 skipped?[0m, ?[32m1 passed?[0m)
0m22,145s

org.junit.ComparisonFailure: expected:<...VY - 17T TOUCH LAPTO[P]> but was:<...VY - 17T TOUCH LAPTO[]>
	at org.junit.Assert.assertEquals(Assert.java:115)
	at org.junit.Assert.assertEquals(Assert.java:144)
	at com.advantageshopping.automation.pageobjects.SearchPage.searchValidations(SearchPage.java:36)
	at com.advantageshopping.automation.steps.SearchPageSteps.successfulPurchase(SearchPageSteps.java:18)
	at com.advantageshopping.automation.steps.SearchPageSteps$$EnhancerByCGLIB$$8dd4e1c2.CGLIB$successfulPurchase$0(<generated>)
	at com.advantageshopping.automation.steps.SearchPageSteps$$EnhancerByCGLIB$$8dd4e1c2$$FastClassByCGLIB$$382d9d83.invoke(<generated>)
	at net.sf.cglib.proxy.MethodProxy.invokeSuper(MethodProxy.java:228)
	at net.thucydides.core.steps.StepInterceptor.invokeMethod(StepInterceptor.java:460)
	at net.thucydides.core.steps.StepInterceptor.executeTestStepMethod(StepInterceptor.java:445)
	at net.thucydides.core.steps.StepInterceptor.runTestStep(StepInterceptor.java:420)
	at net.thucydides.core.steps.StepInterceptor.runOrSkipMethod(StepInterceptor.java:175)
	at net.thucydides.core.steps.StepInterceptor.testStepResult(StepInterceptor.java:162)
	at net.thucydides.core.steps.StepInterceptor.intercept(StepInterceptor.java:68)
	at com.advantageshopping.automation.steps.SearchPageSteps$$EnhancerByCGLIB$$8dd4e1c2.successfulPurchase(<generated>)
	at com.advantageshopping.automation.stepdefinitions.SuccessfulPurchaseStepDefinitions.heFillsAllTheRequestedFieldsAndHeFollowsTheSteps(SuccessfulPurchaseStepDefinitions.java:32)
	at ?.he fills all the requested fields and he follows the steps(src/test/resources/features/successfulPurchase.feature:10)

]]></system-out>
  <system-err><![CDATA[[Test worker] INFO net.thucydides.core.steps.ConsoleLoggingListener - 

-------------------------------------------------------------------------------------
     _______. _______ .______       _______ .__   __.  __  .___________.____    ____ 
    /       ||   ____||   _  \     |   ____||  \ |  | |  | |           |\   \  /   / 
   |   (----`|  |__   |  |_)  |    |  |__   |   \|  | |  | `---|  |----` \   \/   /  
    \   \    |   __|  |      /     |   __|  |  . `  | |  |     |  |       \_    _/   
.----)   |   |  |____ |  |\  \----.|  |____ |  |\   | |  |     |  |         |  |     
|_______/    |_______|| _| `._____||_______||__| \__| |__|     |__|         |__|    
                                                                                     
 News and tutorials at http://www.serenity-bdd.info                                  
 Documentation at https://wakaleo.gitbooks.io/the-serenity-book/content/             
 Join the Serenity Community on Rocket Chat at https://serenity-bdd.rocket.chat      
 Serenity BDD Support and Training at http://serenity-bdd.info/#/trainingandsupport  
 Learn Serenity BDD online at http://serenity-dojo.com                               
-------------------------------------------------------------------------------------

[Test worker] INFO net.thucydides.core.steps.ConsoleLoggingListener - Test Suite Started: Successful purchase
[Test worker] INFO net.thucydides.core.steps.ConsoleLoggingListener - 
 _____ _____ ____ _____   ____ _____  _    ____ _____ _____ ____  
|_   _| ____/ ___|_   _| / ___|_   _|/ \  |  _ \_   _| ____|  _ \ 
  | | |  _| \___ \ | |   \___ \ | | / _ \ | |_) || | |  _| | | | |
  | | | |___ ___) || |    ___) || |/ ___ \|  _ < | | | |___| |_| |
  |_| |_____|____/ |_|   |____/ |_/_/   \_\_| \_\|_| |_____|____/ 
                                                                  

TEST STARTED: Successful purchase
-------------------------------------------------------------------(successful-purchase;successful-purchase)
]]></system-err>
</testsuite>
